Parameterized Queries

Query 1

"GroupAggregate  (cost=4.43..18.21 rows=1 width=80) (actual time=0.069..0.070 rows=1 loops=1)"
"  ->  Nested Loop Left Join  (cost=4.43..18.18 rows=7 width=6) (actual time=0.043..0.063 rows=7 loops=1)"
"        ->  Result  (cost=0.00..0.01 rows=1 width=0) (actual time=0.001..0.001 rows=1 loops=1)"
"        ->  Nested Loop  (cost=4.43..18.10 rows=7 width=6) (actual time=0.042..0.060 rows=7 loops=1)"
"              ->  Seq Scan on flightinfo  (cost=0.00..2.25 rows=1 width=6) (actual time=0.011..0.018 rows=1 loops=1)"
"                    Filter: ((destination)::text = 'EGY'::text)"
"                    Rows Removed by Filter: 99"
"              ->  Bitmap Heap Scan on flight f  (cost=4.43..15.78 rows=7 width=6) (actual time=0.028..0.038 rows=7 loops=1)"
"                    Recheck Cond: ((flightcode)::text = (flightinfo.flightcode)::text)"
"                    Filter: ((departuredate >= '2023-07-30'::date) AND (departuredate <= '2024-07-31'::date))"
"                    Rows Removed by Filter: 9"
"                    Heap Blocks: exact=9"
"                    ->  Bitmap Index Scan on idx_flight_flightcode  (cost=0.00..4.43 rows=20 width=0) (actual time=0.019..0.019 rows=16 loops=1)"
"                          Index Cond: ((flightcode)::text = (flightinfo.flightcode)::text)"
"Planning Time: 1.525 ms"
"Execution Time: 0.104 ms"


Query 2

"Hash Join  (cost=326.68..739.85 rows=31 width=20) (actual time=1.371..7.031 rows=18 loops=1)"
"  Hash Cond: (rewardscustomer.customerid = ticket.customerid)"
"  ->  Seq Scan on rewardscustomer  (cost=0.00..378.00 rows=13264 width=20) (actual time=0.015..3.828 rows=13264 loops=1)"
"        Filter: (status >= 'Silver'::status)"
"        Rows Removed by Filter: 6736"
"  ->  Hash  (cost=325.45..325.45 rows=99 width=4) (actual time=1.259..1.261 rows=94 loops=1)"
"        Buckets: 1024  Batches: 1  Memory Usage: 12kB"
"        ->  HashAggregate  (cost=324.46..325.45 rows=99 width=4) (actual time=1.097..1.241 rows=94 loops=1)"
"              Group Key: ticket.customerid"
"              Batches: 1  Memory Usage: 24kB"
"              ->  Bitmap Heap Scan on ticket  (cost=5.06..324.21 rows=99 width=4) (actual time=0.144..0.976 rows=95 loops=1)"
"                    Recheck Cond: (flightid = 200399)"
"                    Heap Blocks: exact=90"
"                    ->  Bitmap Index Scan on idx_ticket_flightid  (cost=0.00..5.04 rows=99 width=0) (actual time=0.030..0.031 rows=95 loops=1)"
"                          Index Cond: (flightid = 200399)"
"Planning Time: 1.352 ms"
"Execution Time: 7.086 ms"


Query 3

"Update on ticket  (cost=0.42..8.44 rows=0 width=0) (actual time=0.373..0.373 rows=0 loops=1)"
"  ->  Index Scan using ticket_pkey on ticket  (cost=0.42..8.44 rows=1 width=22) (actual time=0.052..0.054 rows=1 loops=1)"
"        Index Cond: (ticketid = 100003)"
"Planning Time: 0.123 ms"
"Execution Time: 2.601 ms"


Query 4

"Delete on review  (cost=327.43..438.40 rows=0 width=0) (actual time=2.508..2.510 rows=0 loops=1)"
"  CTE deleted_tickets"
"    ->  Delete on ticket  (cost=5.06..324.21 rows=99 width=6) (actual time=0.098..1.408 rows=98 loops=1)"
"          ->  Bitmap Heap Scan on ticket  (cost=5.06..324.21 rows=99 width=6) (actual time=0.078..0.365 rows=98 loops=1)"
"                Recheck Cond: (flightid = 200127)"
"                Heap Blocks: exact=97"
"                ->  Bitmap Index Scan on idx_ticket_flightid  (cost=0.00..5.04 rows=99 width=0) (actual time=0.046..0.047 rows=98 loops=1)"
"                      Index Cond: (flightid = 200127)"
"  ->  Hash Semi Join  (cost=3.22..114.19 rows=99 width=34) (actual time=1.506..2.350 rows=5 loops=1)"
"        Hash Cond: (review.ticketid = deleted_tickets.ticketid)"
"        ->  Seq Scan on review  (cost=0.00..102.00 rows=3000 width=10) (actual time=0.010..0.617 rows=3000 loops=1)"
"        ->  Hash  (cost=1.98..1.98 rows=99 width=32) (actual time=1.484..1.485 rows=98 loops=1)"
"              Buckets: 1024  Batches: 1  Memory Usage: 15kB"
"              ->  CTE Scan on deleted_tickets  (cost=0.00..1.98 rows=99 width=32) (actual time=0.110..1.461 rows=98 loops=1)"
"Planning Time: 0.629 ms"
"Trigger for constraint review_ticketid_fkey on ticket: time=3.242 calls=98"
"Execution Time: 5.836 ms"